[debug] ----------------------------------------------------------------------
[debug] Command:      C:\Program Files\nodejs\node.exe D:\Users\l001291\AppData\Roaming\npm\node_modules\firebase-tools\bin\firebase init
[debug] CLI Version:  3.3.0
[debug] Platform:     win32
[debug] Node Version: v4.7.3
[debug] Time:         Wed Feb 22 2017 14:49:19 GMT+0100 (Mitteleuropäische Zeit)
[debug] ----------------------------------------------------------------------
[debug] 
[debug] > command requires scopes: ["email","openid","https://www.googleapis.com/auth/cloudplatformprojects.readonly","https://www.googleapis.com/auth/firebase"]
[info] 
     ######## #### ########  ######## ########     ###     ######  ########
     ##        ##  ##     ## ##       ##     ##  ##   ##  ##       ##
     ######    ##  ########  ######   ########  #########  ######  ######
     ##        ##  ##    ##  ##       ##     ## ##     ##       ## ##
     ##       #### ##     ## ######## ########  ##     ##  ######  ########

You're about to initialize a Firebase project in this directory:

  D:\dev\electronFun

Before we get started, keep in mind:

  * You are currently outside your home directory

[info] 
=== Project Setup
[info] 
[info] First, let's associate this project directory with a Firebase project.
[info] You can create multiple project aliases by running firebase use --add, 
[info] but for now we'll just set up a default project.
[info] 
[debug] > refreshing access token with scopes: ["email","https://www.googleapis.com/auth/cloudplatformprojects.readonly","https://www.googleapis.com/auth/firebase","openid"]
[debug] >>> HTTP REQUEST POST https://www.googleapis.com/oauth2/v3/token { refresh_token: '1/QcRb0ehkWAXlxFPJrSgRxN80hAxM3WTDZnPPOY6afRJBNQnGc2-XzjJVSnRleWBc',
  client_id: '563584335869-fgrhgmd47bqnekij5i8b5pr03ho849e6.apps.googleusercontent.com',
  client_secret: 'j9iVZfS8kkCEFUPaAeJV0sAi',
  grant_type: 'refresh_token',
  scope: 'email https://www.googleapis.com/auth/cloudplatformprojects.readonly https://www.googleapis.com/auth/firebase openid' } 
 Wed Feb 22 2017 14:49:27 GMT+0100 (Mitteleuropäische Zeit)
[debug] <<< HTTP RESPONSE 200
[debug] >>> HTTP REQUEST GET https://admin.firebase.com/v1/projects  
 Wed Feb 22 2017 14:49:28 GMT+0100 (Mitteleuropäische Zeit)
[debug] Error: unable to verify the first certificate
    at Error (native)
    at TLSSocket.<anonymous> (_tls_wrap.js:1039:38)
    at emitNone (events.js:67:13)
    at TLSSocket.emit (events.js:166:7)
    at TLSSocket._init.ssl.onclienthello.ssl.oncertcb.TLSSocket._finishInit (_tls_wrap.js:603:8)
    at TLSWrap.ssl.onclienthello.ssl.oncertcb.ssl.onnewsession.ssl.onhandshakedone (_tls_wrap.js:445:38)
[error] 
[error] Error: Server Error. unable to verify the first certificate
